The system is: Linux - 4.19.37-v7+ - armv7l
Compiling the CXX compiler identification source file "CMakeCXXCompilerId.cpp" succeeded.
Compiler: /usr/bin/c++ 
Build flags: 
Id flags: 

The output was:
0


Compilation of the CXX compiler identification source "CMakeCXXCompilerId.cpp" produced "a.out"

The CXX compiler identification is GNU, found in "/opt/intel/openvino/inference_engine/samples/human_pose_estimation_demo/cmake-build-debug/CMakeFiles/3.7.2/CompilerIdCXX/a.out"

Determining if the CXX compiler works passed with the following output:
Change Dir: /opt/intel/openvino/inference_engine/samples/human_pose_estimation_demo/cmake-build-debug/CMakeFiles/CMakeTmp

Run Build Command:"/usr/bin/make" "cmTC_1d401/fast"
/usr/bin/make -f CMakeFiles/cmTC_1d401.dir/build.make CMakeFiles/cmTC_1d401.dir/build
make[1]: Entering directory '/opt/intel/openvino/inference_engine/samples/human_pose_estimation_demo/cmake-build-debug/CMakeFiles/CMakeTmp'
Building CXX object CMakeFiles/cmTC_1d401.dir/testCXXCompiler.cxx.o
/usr/bin/c++      -o CMakeFiles/cmTC_1d401.dir/testCXXCompiler.cxx.o -c /opt/intel/openvino/inference_engine/samples/human_pose_estimation_demo/cmake-build-debug/CMakeFiles/CMakeTmp/testCXXCompiler.cxx
Linking CXX executable cmTC_1d401
/usr/bin/cmake -E cmake_link_script CMakeFiles/cmTC_1d401.dir/link.txt --verbose=1
/usr/bin/c++        CMakeFiles/cmTC_1d401.dir/testCXXCompiler.cxx.o  -o cmTC_1d401 
make[1]: Leaving directory '/opt/intel/openvino/inference_engine/samples/human_pose_estimation_demo/cmake-build-debug/CMakeFiles/CMakeTmp'


Detecting CXX compiler ABI info compiled with the following output:
Change Dir: /opt/intel/openvino/inference_engine/samples/human_pose_estimation_demo/cmake-build-debug/CMakeFiles/CMakeTmp

Run Build Command:"/usr/bin/make" "cmTC_8a11b/fast"
/usr/bin/make -f CMakeFiles/cmTC_8a11b.dir/build.make CMakeFiles/cmTC_8a11b.dir/build
make[1]: Entering directory '/opt/intel/openvino/inference_engine/samples/human_pose_estimation_demo/cmake-build-debug/CMakeFiles/CMakeTmp'
Building CXX object CMakeFiles/cmTC_8a11b.dir/CMakeCXXCompilerABI.cpp.o
/usr/bin/c++      -o CMakeFiles/cmTC_8a11b.dir/CMakeCXXCompilerABI.cpp.o -c /usr/share/cmake-3.7/Modules/CMakeCXXCompilerABI.cpp
Linking CXX executable cmTC_8a11b
/usr/bin/cmake -E cmake_link_script CMakeFiles/cmTC_8a11b.dir/link.txt --verbose=1
/usr/bin/c++       -v CMakeFiles/cmTC_8a11b.dir/CMakeCXXCompilerABI.cpp.o  -o cmTC_8a11b  
Using built-in specs.
COLLECT_GCC=/usr/bin/c++
COLLECT_LTO_WRAPPER=/usr/lib/gcc/arm-linux-gnueabihf/6/lto-wrapper
Target: arm-linux-gnueabihf
Configured with: ../src/configure -v --with-pkgversion='Raspbian 6.3.0-18+rpi1+deb9u1' --with-bugurl=file:///usr/share/doc/gcc-6/README.Bugs --enable-languages=c,ada,c++,java,go,d,fortran,objc,obj-c++ --prefix=/usr --program-suffix=-6 --program-prefix=arm-linux-gnueabihf- --enable-shared --enable-linker-build-id --libexecdir=/usr/lib --without-included-gettext --enable-threads=posix --libdir=/usr/lib --enable-nls --with-sysroot=/ --enable-clocale=gnu --enable-libstdcxx-debug --enable-libstdcxx-time=yes --with-default-libstdcxx-abi=new --enable-gnu-unique-object --disable-libitm --disable-libquadmath --enable-plugin --with-system-zlib --disable-browser-plugin --enable-java-awt=gtk --enable-gtk-cairo --with-java-home=/usr/lib/jvm/java-1.5.0-gcj-6-armhf/jre --enable-java-home --with-jvm-root-dir=/usr/lib/jvm/java-1.5.0-gcj-6-armhf --with-jvm-jar-dir=/usr/lib/jvm-exports/java-1.5.0-gcj-6-armhf --with-arch-directory=arm --with-ecj-jar=/usr/share/java/eclipse-ecj.jar --with-target-system-zlib --enable-objc-gc=auto --enable-multiarch --disable-sjlj-exceptions --with-arch=armv6 --with-fpu=vfp --with-float=hard --enable-checking=release --build=arm-linux-gnueabihf --host=arm-linux-gnueabihf --target=arm-linux-gnueabihf
Thread model: posix
gcc version 6.3.0 20170516 (Raspbian 6.3.0-18+rpi1+deb9u1) 
COMPILER_PATH=/usr/lib/gcc/arm-linux-gnueabihf/6/:/usr/lib/gcc/arm-linux-gnueabihf/6/:/usr/lib/gcc/arm-linux-gnueabihf/:/usr/lib/gcc/arm-linux-gnueabihf/6/:/usr/lib/gcc/arm-linux-gnueabihf/
LIBRARY_PATH=/usr/lib/gcc/arm-linux-gnueabihf/6/:/usr/lib/gcc/arm-linux-gnueabihf/6/../../../arm-linux-gnueabihf/:/usr/lib/gcc/arm-linux-gnueabihf/6/../../../:/lib/arm-linux-gnueabihf/:/lib/:/usr/lib/arm-linux-gnueabihf/:/usr/lib/
COLLECT_GCC_OPTIONS='-v' '-o' 'cmTC_8a11b' '-shared-libgcc' '-march=armv6' '-mfloat-abi=hard' '-mfpu=vfp' '-mtls-dialect=gnu'
 /usr/lib/gcc/arm-linux-gnueabihf/6/collect2 -plugin /usr/lib/gcc/arm-linux-gnueabihf/6/liblto_plugin.so -plugin-opt=/usr/lib/gcc/arm-linux-gnueabihf/6/lto-wrapper -plugin-opt=-fresolution=/tmp/ccSGGG5v.res -plugin-opt=-pass-through=-lgcc_s -plugin-opt=-pass-through=-lgcc -plugin-opt=-pass-through=-lc -plugin-opt=-pass-through=-lgcc_s -plugin-opt=-pass-through=-lgcc --sysroot=/ --build-id --eh-frame-hdr -dynamic-linker /lib/ld-linux-armhf.so.3 -X --hash-style=gnu -m armelf_linux_eabi -o cmTC_8a11b /usr/lib/gcc/arm-linux-gnueabihf/6/../../../arm-linux-gnueabihf/crt1.o /usr/lib/gcc/arm-linux-gnueabihf/6/../../../arm-linux-gnueabihf/crti.o /usr/lib/gcc/arm-linux-gnueabihf/6/crtbegin.o -L/usr/lib/gcc/arm-linux-gnueabihf/6 -L/usr/lib/gcc/arm-linux-gnueabihf/6/../../../arm-linux-gnueabihf -L/usr/lib/gcc/arm-linux-gnueabihf/6/../../.. -L/lib/arm-linux-gnueabihf -L/usr/lib/arm-linux-gnueabihf CMakeFiles/cmTC_8a11b.dir/CMakeCXXCompilerABI.cpp.o -lstdc++ -lm -lgcc_s -lgcc -lc -lgcc_s -lgcc /usr/lib/gcc/arm-linux-gnueabihf/6/crtend.o /usr/lib/gcc/arm-linux-gnueabihf/6/../../../arm-linux-gnueabihf/crtn.o
COLLECT_GCC_OPTIONS='-v' '-o' 'cmTC_8a11b' '-shared-libgcc' '-march=armv6' '-mfloat-abi=hard' '-mfpu=vfp' '-mtls-dialect=gnu'
make[1]: Leaving directory '/opt/intel/openvino/inference_engine/samples/human_pose_estimation_demo/cmake-build-debug/CMakeFiles/CMakeTmp'


Parsed CXX implicit link information from above output:
  link line regex: [^( *|.*[/\])(ld|([^/\]+-)?ld|collect2)[^/\]*( |$)]
  ignore line: [Change Dir: /opt/intel/openvino/inference_engine/samples/human_pose_estimation_demo/cmake-build-debug/CMakeFiles/CMakeTmp]
  ignore line: []
  ignore line: [Run Build Command:"/usr/bin/make" "cmTC_8a11b/fast"]
  ignore line: [/usr/bin/make -f CMakeFiles/cmTC_8a11b.dir/build.make CMakeFiles/cmTC_8a11b.dir/build]
  ignore line: [make[1]: Entering directory '/opt/intel/openvino/inference_engine/samples/human_pose_estimation_demo/cmake-build-debug/CMakeFiles/CMakeTmp']
  ignore line: [Building CXX object CMakeFiles/cmTC_8a11b.dir/CMakeCXXCompilerABI.cpp.o]
  ignore line: [/usr/bin/c++      -o CMakeFiles/cmTC_8a11b.dir/CMakeCXXCompilerABI.cpp.o -c /usr/share/cmake-3.7/Modules/CMakeCXXCompilerABI.cpp]
  ignore line: [Linking CXX executable cmTC_8a11b]
  ignore line: [/usr/bin/cmake -E cmake_link_script CMakeFiles/cmTC_8a11b.dir/link.txt --verbose=1]
  ignore line: [/usr/bin/c++       -v CMakeFiles/cmTC_8a11b.dir/CMakeCXXCompilerABI.cpp.o  -o cmTC_8a11b  ]
  ignore line: [Using built-in specs.]
  ignore line: [COLLECT_GCC=/usr/bin/c++]
  ignore line: [COLLECT_LTO_WRAPPER=/usr/lib/gcc/arm-linux-gnueabihf/6/lto-wrapper]
  ignore line: [Target: arm-linux-gnueabihf]
  ignore line: [Configured with: ../src/configure -v --with-pkgversion='Raspbian 6.3.0-18+rpi1+deb9u1' --with-bugurl=file:///usr/share/doc/gcc-6/README.Bugs --enable-languages=c,ada,c++,java,go,d,fortran,objc,obj-c++ --prefix=/usr --program-suffix=-6 --program-prefix=arm-linux-gnueabihf- --enable-shared --enable-linker-build-id --libexecdir=/usr/lib --without-included-gettext --enable-threads=posix --libdir=/usr/lib --enable-nls --with-sysroot=/ --enable-clocale=gnu --enable-libstdcxx-debug --enable-libstdcxx-time=yes --with-default-libstdcxx-abi=new --enable-gnu-unique-object --disable-libitm --disable-libquadmath --enable-plugin --with-system-zlib --disable-browser-plugin --enable-java-awt=gtk --enable-gtk-cairo --with-java-home=/usr/lib/jvm/java-1.5.0-gcj-6-armhf/jre --enable-java-home --with-jvm-root-dir=/usr/lib/jvm/java-1.5.0-gcj-6-armhf --with-jvm-jar-dir=/usr/lib/jvm-exports/java-1.5.0-gcj-6-armhf --with-arch-directory=arm --with-ecj-jar=/usr/share/java/eclipse-ecj.jar --with-target-system-zlib --enable-objc-gc=auto --enable-multiarch --disable-sjlj-exceptions --with-arch=armv6 --with-fpu=vfp --with-float=hard --enable-checking=release --build=arm-linux-gnueabihf --host=arm-linux-gnueabihf --target=arm-linux-gnueabihf]
  ignore line: [Thread model: posix]
  ignore line: [gcc version 6.3.0 20170516 (Raspbian 6.3.0-18+rpi1+deb9u1) ]
  ignore line: [COMPILER_PATH=/usr/lib/gcc/arm-linux-gnueabihf/6/:/usr/lib/gcc/arm-linux-gnueabihf/6/:/usr/lib/gcc/arm-linux-gnueabihf/:/usr/lib/gcc/arm-linux-gnueabihf/6/:/usr/lib/gcc/arm-linux-gnueabihf/]
  ignore line: [LIBRARY_PATH=/usr/lib/gcc/arm-linux-gnueabihf/6/:/usr/lib/gcc/arm-linux-gnueabihf/6/../../../arm-linux-gnueabihf/:/usr/lib/gcc/arm-linux-gnueabihf/6/../../../:/lib/arm-linux-gnueabihf/:/lib/:/usr/lib/arm-linux-gnueabihf/:/usr/lib/]
  ignore line: [COLLECT_GCC_OPTIONS='-v' '-o' 'cmTC_8a11b' '-shared-libgcc' '-march=armv6' '-mfloat-abi=hard' '-mfpu=vfp' '-mtls-dialect=gnu']
  link line: [ /usr/lib/gcc/arm-linux-gnueabihf/6/collect2 -plugin /usr/lib/gcc/arm-linux-gnueabihf/6/liblto_plugin.so -plugin-opt=/usr/lib/gcc/arm-linux-gnueabihf/6/lto-wrapper -plugin-opt=-fresolution=/tmp/ccSGGG5v.res -plugin-opt=-pass-through=-lgcc_s -plugin-opt=-pass-through=-lgcc -plugin-opt=-pass-through=-lc -plugin-opt=-pass-through=-lgcc_s -plugin-opt=-pass-through=-lgcc --sysroot=/ --build-id --eh-frame-hdr -dynamic-linker /lib/ld-linux-armhf.so.3 -X --hash-style=gnu -m armelf_linux_eabi -o cmTC_8a11b /usr/lib/gcc/arm-linux-gnueabihf/6/../../../arm-linux-gnueabihf/crt1.o /usr/lib/gcc/arm-linux-gnueabihf/6/../../../arm-linux-gnueabihf/crti.o /usr/lib/gcc/arm-linux-gnueabihf/6/crtbegin.o -L/usr/lib/gcc/arm-linux-gnueabihf/6 -L/usr/lib/gcc/arm-linux-gnueabihf/6/../../../arm-linux-gnueabihf -L/usr/lib/gcc/arm-linux-gnueabihf/6/../../.. -L/lib/arm-linux-gnueabihf -L/usr/lib/arm-linux-gnueabihf CMakeFiles/cmTC_8a11b.dir/CMakeCXXCompilerABI.cpp.o -lstdc++ -lm -lgcc_s -lgcc -lc -lgcc_s -lgcc /usr/lib/gcc/arm-linux-gnueabihf/6/crtend.o /usr/lib/gcc/arm-linux-gnueabihf/6/../../../arm-linux-gnueabihf/crtn.o]
    arg [/usr/lib/gcc/arm-linux-gnueabihf/6/collect2] ==> ignore
    arg [-plugin] ==> ignore
    arg [/usr/lib/gcc/arm-linux-gnueabihf/6/liblto_plugin.so] ==> ignore
    arg [-plugin-opt=/usr/lib/gcc/arm-linux-gnueabihf/6/lto-wrapper] ==> ignore
    arg [-plugin-opt=-fresolution=/tmp/ccSGGG5v.res] ==> ignore
    arg [-plugin-opt=-pass-through=-lgcc_s] ==> ignore
    arg [-plugin-opt=-pass-through=-lgcc] ==> ignore
    arg [-plugin-opt=-pass-through=-lc] ==> ignore
    arg [-plugin-opt=-pass-through=-lgcc_s] ==> ignore
    arg [-plugin-opt=-pass-through=-lgcc] ==> ignore
    arg [--sysroot=/] ==> ignore
    arg [--build-id] ==> ignore
    arg [--eh-frame-hdr] ==> ignore
    arg [-dynamic-linker] ==> ignore
    arg [/lib/ld-linux-armhf.so.3] ==> ignore
    arg [-X] ==> ignore
    arg [--hash-style=gnu] ==> ignore
    arg [-m] ==> ignore
    arg [armelf_linux_eabi] ==> ignore
    arg [-o] ==> ignore
    arg [cmTC_8a11b] ==> ignore
    arg [/usr/lib/gcc/arm-linux-gnueabihf/6/../../../arm-linux-gnueabihf/crt1.o] ==> ignore
    arg [/usr/lib/gcc/arm-linux-gnueabihf/6/../../../arm-linux-gnueabihf/crti.o] ==> ignore
    arg [/usr/lib/gcc/arm-linux-gnueabihf/6/crtbegin.o] ==> ignore
    arg [-L/usr/lib/gcc/arm-linux-gnueabihf/6] ==> dir [/usr/lib/gcc/arm-linux-gnueabihf/6]
    arg [-L/usr/lib/gcc/arm-linux-gnueabihf/6/../../../arm-linux-gnueabihf] ==> dir [/usr/lib/gcc/arm-linux-gnueabihf/6/../../../arm-linux-gnueabihf]
    arg [-L/usr/lib/gcc/arm-linux-gnueabihf/6/../../..] ==> dir [/usr/lib/gcc/arm-linux-gnueabihf/6/../../..]
    arg [-L/lib/arm-linux-gnueabihf] ==> dir [/lib/arm-linux-gnueabihf]
    arg [-L/usr/lib/arm-linux-gnueabihf] ==> dir [/usr/lib/arm-linux-gnueabihf]
    arg [CMakeFiles/cmTC_8a11b.dir/CMakeCXXCompilerABI.cpp.o] ==> ignore
    arg [-lstdc++] ==> lib [stdc++]
    arg [-lm] ==> lib [m]
    arg [-lgcc_s] ==> lib [gcc_s]
    arg [-lgcc] ==> lib [gcc]
    arg [-lc] ==> lib [c]
    arg [-lgcc_s] ==> lib [gcc_s]
    arg [-lgcc] ==> lib [gcc]
    arg [/usr/lib/gcc/arm-linux-gnueabihf/6/crtend.o] ==> ignore
    arg [/usr/lib/gcc/arm-linux-gnueabihf/6/../../../arm-linux-gnueabihf/crtn.o] ==> ignore
  remove lib [gcc_s]
  remove lib [gcc]
  remove lib [gcc_s]
  remove lib [gcc]
  collapse library dir [/usr/lib/gcc/arm-linux-gnueabihf/6] ==> [/usr/lib/gcc/arm-linux-gnueabihf/6]
  collapse library dir [/usr/lib/gcc/arm-linux-gnueabihf/6/../../../arm-linux-gnueabihf] ==> [/usr/lib/arm-linux-gnueabihf]
  collapse library dir [/usr/lib/gcc/arm-linux-gnueabihf/6/../../..] ==> [/usr/lib]
  collapse library dir [/lib/arm-linux-gnueabihf] ==> [/lib/arm-linux-gnueabihf]
  collapse library dir [/usr/lib/arm-linux-gnueabihf] ==> [/usr/lib/arm-linux-gnueabihf]
  implicit libs: [stdc++;m;c]
  implicit dirs: [/usr/lib/gcc/arm-linux-gnueabihf/6;/usr/lib/arm-linux-gnueabihf;/usr/lib;/lib/arm-linux-gnueabihf]
  implicit fwks: []




Detecting CXX [-std=c++14] compiler features compiled with the following output:
Change Dir: /opt/intel/openvino/inference_engine/samples/human_pose_estimation_demo/cmake-build-debug/CMakeFiles/CMakeTmp

Run Build Command:"/usr/bin/make" "cmTC_8127e/fast"
/usr/bin/make -f CMakeFiles/cmTC_8127e.dir/build.make CMakeFiles/cmTC_8127e.dir/build
make[1]: Entering directory '/opt/intel/openvino/inference_engine/samples/human_pose_estimation_demo/cmake-build-debug/CMakeFiles/CMakeTmp'
Building CXX object CMakeFiles/cmTC_8127e.dir/feature_tests.cxx.o
/usr/bin/c++     -std=c++14 -o CMakeFiles/cmTC_8127e.dir/feature_tests.cxx.o -c /opt/intel/openvino/inference_engine/samples/human_pose_estimation_demo/cmake-build-debug/CMakeFiles/feature_tests.cxx
Linking CXX executable cmTC_8127e
/usr/bin/cmake -E cmake_link_script CMakeFiles/cmTC_8127e.dir/link.txt --verbose=1
/usr/bin/c++        CMakeFiles/cmTC_8127e.dir/feature_tests.cxx.o  -o cmTC_8127e 
make[1]: Leaving directory '/opt/intel/openvino/inference_engine/samples/human_pose_estimation_demo/cmake-build-debug/CMakeFiles/CMakeTmp'


    Feature record: CXX_FEATURE:1cxx_aggregate_default_initializers
    Feature record: CXX_FEATURE:1cxx_alias_templates
    Feature record: CXX_FEATURE:1cxx_alignas
    Feature record: CXX_FEATURE:1cxx_alignof
    Feature record: CXX_FEATURE:1cxx_attributes
    Feature record: CXX_FEATURE:1cxx_attribute_deprecated
    Feature record: CXX_FEATURE:1cxx_auto_type
    Feature record: CXX_FEATURE:1cxx_binary_literals
    Feature record: CXX_FEATURE:1cxx_constexpr
    Feature record: CXX_FEATURE:1cxx_contextual_conversions
    Feature record: CXX_FEATURE:1cxx_decltype
    Feature record: CXX_FEATURE:1cxx_decltype_auto
    Feature record: CXX_FEATURE:1cxx_decltype_incomplete_return_types
    Feature record: CXX_FEATURE:1cxx_default_function_template_args
    Feature record: CXX_FEATURE:1cxx_defaulted_functions
    Feature record: CXX_FEATURE:1cxx_defaulted_move_initializers
    Feature record: CXX_FEATURE:1cxx_delegating_constructors
    Feature record: CXX_FEATURE:1cxx_deleted_functions
    Feature record: CXX_FEATURE:1cxx_digit_separators
    Feature record: CXX_FEATURE:1cxx_enum_forward_declarations
    Feature record: CXX_FEATURE:1cxx_explicit_conversions
    Feature record: CXX_FEATURE:1cxx_extended_friend_declarations
    Feature record: CXX_FEATURE:1cxx_extern_templates
    Feature record: CXX_FEATURE:1cxx_final
    Feature record: CXX_FEATURE:1cxx_func_identifier
    Feature record: CXX_FEATURE:1cxx_generalized_initializers
    Feature record: CXX_FEATURE:1cxx_generic_lambdas
    Feature record: CXX_FEATURE:1cxx_inheriting_constructors
    Feature record: CXX_FEATURE:1cxx_inline_namespaces
    Feature record: CXX_FEATURE:1cxx_lambdas
    Feature record: CXX_FEATURE:1cxx_lambda_init_captures
    Feature record: CXX_FEATURE:1cxx_local_type_template_args
    Feature record: CXX_FEATURE:1cxx_long_long_type
    Feature record: CXX_FEATURE:1cxx_noexcept
    Feature record: CXX_FEATURE:1cxx_nonstatic_member_init
    Feature record: CXX_FEATURE:1cxx_nullptr
    Feature record: CXX_FEATURE:1cxx_override
    Feature record: CXX_FEATURE:1cxx_range_for
    Feature record: CXX_FEATURE:1cxx_raw_string_literals
    Feature record: CXX_FEATURE:1cxx_reference_qualified_functions
    Feature record: CXX_FEATURE:1cxx_relaxed_constexpr
    Feature record: CXX_FEATURE:1cxx_return_type_deduction
    Feature record: CXX_FEATURE:1cxx_right_angle_brackets
    Feature record: CXX_FEATURE:1cxx_rvalue_references
    Feature record: CXX_FEATURE:1cxx_sizeof_member
    Feature record: CXX_FEATURE:1cxx_static_assert
    Feature record: CXX_FEATURE:1cxx_strong_enums
    Feature record: CXX_FEATURE:1cxx_template_template_parameters
    Feature record: CXX_FEATURE:1cxx_thread_local
    Feature record: CXX_FEATURE:1cxx_trailing_return_types
    Feature record: CXX_FEATURE:1cxx_unicode_literals
    Feature record: CXX_FEATURE:1cxx_uniform_initialization
    Feature record: CXX_FEATURE:1cxx_unrestricted_unions
    Feature record: CXX_FEATURE:1cxx_user_literals
    Feature record: CXX_FEATURE:1cxx_variable_templates
    Feature record: CXX_FEATURE:1cxx_variadic_macros
    Feature record: CXX_FEATURE:1cxx_variadic_templates


Detecting CXX [-std=c++11] compiler features compiled with the following output:
Change Dir: /opt/intel/openvino/inference_engine/samples/human_pose_estimation_demo/cmake-build-debug/CMakeFiles/CMakeTmp

Run Build Command:"/usr/bin/make" "cmTC_cfa2c/fast"
/usr/bin/make -f CMakeFiles/cmTC_cfa2c.dir/build.make CMakeFiles/cmTC_cfa2c.dir/build
make[1]: Entering directory '/opt/intel/openvino/inference_engine/samples/human_pose_estimation_demo/cmake-build-debug/CMakeFiles/CMakeTmp'
Building CXX object CMakeFiles/cmTC_cfa2c.dir/feature_tests.cxx.o
/usr/bin/c++     -std=c++11 -o CMakeFiles/cmTC_cfa2c.dir/feature_tests.cxx.o -c /opt/intel/openvino/inference_engine/samples/human_pose_estimation_demo/cmake-build-debug/CMakeFiles/feature_tests.cxx
Linking CXX executable cmTC_cfa2c
/usr/bin/cmake -E cmake_link_script CMakeFiles/cmTC_cfa2c.dir/link.txt --verbose=1
/usr/bin/c++        CMakeFiles/cmTC_cfa2c.dir/feature_tests.cxx.o  -o cmTC_cfa2c 
make[1]: Leaving directory '/opt/intel/openvino/inference_engine/samples/human_pose_estimation_demo/cmake-build-debug/CMakeFiles/CMakeTmp'


    Feature record: CXX_FEATURE:0cxx_aggregate_default_initializers
    Feature record: CXX_FEATURE:1cxx_alias_templates
    Feature record: CXX_FEATURE:1cxx_alignas
    Feature record: CXX_FEATURE:1cxx_alignof
    Feature record: CXX_FEATURE:1cxx_attributes
    Feature record: CXX_FEATURE:0cxx_attribute_deprecated
    Feature record: CXX_FEATURE:1cxx_auto_type
    Feature record: CXX_FEATURE:0cxx_binary_literals
    Feature record: CXX_FEATURE:1cxx_constexpr
    Feature record: CXX_FEATURE:0cxx_contextual_conversions
    Feature record: CXX_FEATURE:1cxx_decltype
    Feature record: CXX_FEATURE:0cxx_decltype_auto
    Feature record: CXX_FEATURE:1cxx_decltype_incomplete_return_types
    Feature record: CXX_FEATURE:1cxx_default_function_template_args
    Feature record: CXX_FEATURE:1cxx_defaulted_functions
    Feature record: CXX_FEATURE:1cxx_defaulted_move_initializers
    Feature record: CXX_FEATURE:1cxx_delegating_constructors
    Feature record: CXX_FEATURE:1cxx_deleted_functions
    Feature record: CXX_FEATURE:0cxx_digit_separators
    Feature record: CXX_FEATURE:1cxx_enum_forward_declarations
    Feature record: CXX_FEATURE:1cxx_explicit_conversions
    Feature record: CXX_FEATURE:1cxx_extended_friend_declarations
    Feature record: CXX_FEATURE:1cxx_extern_templates
    Feature record: CXX_FEATURE:1cxx_final
    Feature record: CXX_FEATURE:1cxx_func_identifier
    Feature record: CXX_FEATURE:1cxx_generalized_initializers
    Feature record: CXX_FEATURE:0cxx_generic_lambdas
    Feature record: CXX_FEATURE:1cxx_inheriting_constructors
    Feature record: CXX_FEATURE:1cxx_inline_namespaces
    Feature record: CXX_FEATURE:1cxx_lambdas
    Feature record: CXX_FEATURE:0cxx_lambda_init_captures
    Feature record: CXX_FEATURE:1cxx_local_type_template_args
    Feature record: CXX_FEATURE:1cxx_long_long_type
    Feature record: CXX_FEATURE:1cxx_noexcept
    Feature record: CXX_FEATURE:1cxx_nonstatic_member_init
    Feature record: CXX_FEATURE:1cxx_nullptr
    Feature record: CXX_FEATURE:1cxx_override
    Feature record: CXX_FEATURE:1cxx_range_for
    Feature record: CXX_FEATURE:1cxx_raw_string_literals
    Feature record: CXX_FEATURE:1cxx_reference_qualified_functions
    Feature record: CXX_FEATURE:0cxx_relaxed_constexpr
    Feature record: CXX_FEATURE:0cxx_return_type_deduction
    Feature record: CXX_FEATURE:1cxx_right_angle_brackets
    Feature record: CXX_FEATURE:1cxx_rvalue_references
    Feature record: CXX_FEATURE:1cxx_sizeof_member
    Feature record: CXX_FEATURE:1cxx_static_assert
    Feature record: CXX_FEATURE:1cxx_strong_enums
    Feature record: CXX_FEATURE:1cxx_template_template_parameters
    Feature record: CXX_FEATURE:1cxx_thread_local
    Feature record: CXX_FEATURE:1cxx_trailing_return_types
    Feature record: CXX_FEATURE:1cxx_unicode_literals
    Feature record: CXX_FEATURE:1cxx_uniform_initialization
    Feature record: CXX_FEATURE:1cxx_unrestricted_unions
    Feature record: CXX_FEATURE:1cxx_user_literals
    Feature record: CXX_FEATURE:0cxx_variable_templates
    Feature record: CXX_FEATURE:1cxx_variadic_macros
    Feature record: CXX_FEATURE:1cxx_variadic_templates


Detecting CXX [-std=c++98] compiler features compiled with the following output:
Change Dir: /opt/intel/openvino/inference_engine/samples/human_pose_estimation_demo/cmake-build-debug/CMakeFiles/CMakeTmp

Run Build Command:"/usr/bin/make" "cmTC_23f1e/fast"
/usr/bin/make -f CMakeFiles/cmTC_23f1e.dir/build.make CMakeFiles/cmTC_23f1e.dir/build
make[1]: Entering directory '/opt/intel/openvino/inference_engine/samples/human_pose_estimation_demo/cmake-build-debug/CMakeFiles/CMakeTmp'
Building CXX object CMakeFiles/cmTC_23f1e.dir/feature_tests.cxx.o
/usr/bin/c++     -std=c++98 -o CMakeFiles/cmTC_23f1e.dir/feature_tests.cxx.o -c /opt/intel/openvino/inference_engine/samples/human_pose_estimation_demo/cmake-build-debug/CMakeFiles/feature_tests.cxx
Linking CXX executable cmTC_23f1e
/usr/bin/cmake -E cmake_link_script CMakeFiles/cmTC_23f1e.dir/link.txt --verbose=1
/usr/bin/c++        CMakeFiles/cmTC_23f1e.dir/feature_tests.cxx.o  -o cmTC_23f1e 
make[1]: Leaving directory '/opt/intel/openvino/inference_engine/samples/human_pose_estimation_demo/cmake-build-debug/CMakeFiles/CMakeTmp'


    Feature record: CXX_FEATURE:0cxx_aggregate_default_initializers
    Feature record: CXX_FEATURE:0cxx_alias_templates
    Feature record: CXX_FEATURE:0cxx_alignas
    Feature record: CXX_FEATURE:0cxx_alignof
    Feature record: CXX_FEATURE:0cxx_attributes
    Feature record: CXX_FEATURE:0cxx_attribute_deprecated
    Feature record: CXX_FEATURE:0cxx_auto_type
    Feature record: CXX_FEATURE:0cxx_binary_literals
    Feature record: CXX_FEATURE:0cxx_constexpr
    Feature record: CXX_FEATURE:0cxx_contextual_conversions
    Feature record: CXX_FEATURE:0cxx_decltype
    Feature record: CXX_FEATURE:0cxx_decltype_auto
    Feature record: CXX_FEATURE:0cxx_decltype_incomplete_return_types
    Feature record: CXX_FEATURE:0cxx_default_function_template_args
    Feature record: CXX_FEATURE:0cxx_defaulted_functions
    Feature record: CXX_FEATURE:0cxx_defaulted_move_initializers
    Feature record: CXX_FEATURE:0cxx_delegating_constructors
    Feature record: CXX_FEATURE:0cxx_deleted_functions
    Feature record: CXX_FEATURE:0cxx_digit_separators
    Feature record: CXX_FEATURE:0cxx_enum_forward_declarations
    Feature record: CXX_FEATURE:0cxx_explicit_conversions
    Feature record: CXX_FEATURE:0cxx_extended_friend_declarations
    Feature record: CXX_FEATURE:0cxx_extern_templates
    Feature record: CXX_FEATURE:0cxx_final
    Feature record: CXX_FEATURE:0cxx_func_identifier
    Feature record: CXX_FEATURE:0cxx_generalized_initializers
    Feature record: CXX_FEATURE:0cxx_generic_lambdas
    Feature record: CXX_FEATURE:0cxx_inheriting_constructors
    Feature record: CXX_FEATURE:0cxx_inline_namespaces
    Feature record: CXX_FEATURE:0cxx_lambdas
    Feature record: CXX_FEATURE:0cxx_lambda_init_captures
    Feature record: CXX_FEATURE:0cxx_local_type_template_args
    Feature record: CXX_FEATURE:0cxx_long_long_type
    Feature record: CXX_FEATURE:0cxx_noexcept
    Feature record: CXX_FEATURE:0cxx_nonstatic_member_init
    Feature record: CXX_FEATURE:0cxx_nullptr
    Feature record: CXX_FEATURE:0cxx_override
    Feature record: CXX_FEATURE:0cxx_range_for
    Feature record: CXX_FEATURE:0cxx_raw_string_literals
    Feature record: CXX_FEATURE:0cxx_reference_qualified_functions
    Feature record: CXX_FEATURE:0cxx_relaxed_constexpr
    Feature record: CXX_FEATURE:0cxx_return_type_deduction
    Feature record: CXX_FEATURE:0cxx_right_angle_brackets
    Feature record: CXX_FEATURE:0cxx_rvalue_references
    Feature record: CXX_FEATURE:0cxx_sizeof_member
    Feature record: CXX_FEATURE:0cxx_static_assert
    Feature record: CXX_FEATURE:0cxx_strong_enums
    Feature record: CXX_FEATURE:1cxx_template_template_parameters
    Feature record: CXX_FEATURE:0cxx_thread_local
    Feature record: CXX_FEATURE:0cxx_trailing_return_types
    Feature record: CXX_FEATURE:0cxx_unicode_literals
    Feature record: CXX_FEATURE:0cxx_uniform_initialization
    Feature record: CXX_FEATURE:0cxx_unrestricted_unions
    Feature record: CXX_FEATURE:0cxx_user_literals
    Feature record: CXX_FEATURE:0cxx_variable_templates
    Feature record: CXX_FEATURE:0cxx_variadic_macros
    Feature record: CXX_FEATURE:0cxx_variadic_templates
Determining if the include file unistd.h exists passed with the following output:
Change Dir: /opt/intel/openvino/inference_engine/samples/human_pose_estimation_demo/cmake-build-debug/CMakeFiles/CMakeTmp

Run Build Command:"/usr/bin/make" "cmTC_1cf13/fast"
/usr/bin/make -f CMakeFiles/cmTC_1cf13.dir/build.make CMakeFiles/cmTC_1cf13.dir/build
make[1]: Entering directory '/opt/intel/openvino/inference_engine/samples/human_pose_estimation_demo/cmake-build-debug/CMakeFiles/CMakeTmp'
Building CXX object CMakeFiles/cmTC_1cf13.dir/CheckIncludeFile.cxx.o
/usr/bin/c++     -std=c++11  -Werror -Wuninitialized -Winit-self -Wmaybe-uninitialized    -o CMakeFiles/cmTC_1cf13.dir/CheckIncludeFile.cxx.o -c /opt/intel/openvino/inference_engine/samples/human_pose_estimation_demo/cmake-build-debug/CMakeFiles/CMakeTmp/CheckIncludeFile.cxx
Linking CXX executable cmTC_1cf13
/usr/bin/cmake -E cmake_link_script CMakeFiles/cmTC_1cf13.dir/link.txt --verbose=1
/usr/bin/c++   -std=c++11  -Werror -Wuninitialized -Winit-self -Wmaybe-uninitialized     CMakeFiles/cmTC_1cf13.dir/CheckIncludeFile.cxx.o  -o cmTC_1cf13 -rdynamic 
make[1]: Leaving directory '/opt/intel/openvino/inference_engine/samples/human_pose_estimation_demo/cmake-build-debug/CMakeFiles/CMakeTmp'


Determining if the include file stdint.h exists passed with the following output:
Change Dir: /opt/intel/openvino/inference_engine/samples/human_pose_estimation_demo/cmake-build-debug/CMakeFiles/CMakeTmp

Run Build Command:"/usr/bin/make" "cmTC_2d589/fast"
/usr/bin/make -f CMakeFiles/cmTC_2d589.dir/build.make CMakeFiles/cmTC_2d589.dir/build
make[1]: Entering directory '/opt/intel/openvino/inference_engine/samples/human_pose_estimation_demo/cmake-build-debug/CMakeFiles/CMakeTmp'
Building CXX object CMakeFiles/cmTC_2d589.dir/CheckIncludeFile.cxx.o
/usr/bin/c++     -std=c++11  -Werror -Wuninitialized -Winit-self -Wmaybe-uninitialized    -o CMakeFiles/cmTC_2d589.dir/CheckIncludeFile.cxx.o -c /opt/intel/openvino/inference_engine/samples/human_pose_estimation_demo/cmake-build-debug/CMakeFiles/CMakeTmp/CheckIncludeFile.cxx
Linking CXX executable cmTC_2d589
/usr/bin/cmake -E cmake_link_script CMakeFiles/cmTC_2d589.dir/link.txt --verbose=1
/usr/bin/c++   -std=c++11  -Werror -Wuninitialized -Winit-self -Wmaybe-uninitialized     CMakeFiles/cmTC_2d589.dir/CheckIncludeFile.cxx.o  -o cmTC_2d589 -rdynamic 
make[1]: Leaving directory '/opt/intel/openvino/inference_engine/samples/human_pose_estimation_demo/cmake-build-debug/CMakeFiles/CMakeTmp'


Determining if the include file sys/types.h exists passed with the following output:
Change Dir: /opt/intel/openvino/inference_engine/samples/human_pose_estimation_demo/cmake-build-debug/CMakeFiles/CMakeTmp

Run Build Command:"/usr/bin/make" "cmTC_8d02c/fast"
/usr/bin/make -f CMakeFiles/cmTC_8d02c.dir/build.make CMakeFiles/cmTC_8d02c.dir/build
make[1]: Entering directory '/opt/intel/openvino/inference_engine/samples/human_pose_estimation_demo/cmake-build-debug/CMakeFiles/CMakeTmp'
Building CXX object CMakeFiles/cmTC_8d02c.dir/CheckIncludeFile.cxx.o
/usr/bin/c++     -std=c++11  -Werror -Wuninitialized -Winit-self -Wmaybe-uninitialized    -o CMakeFiles/cmTC_8d02c.dir/CheckIncludeFile.cxx.o -c /opt/intel/openvino/inference_engine/samples/human_pose_estimation_demo/cmake-build-debug/CMakeFiles/CMakeTmp/CheckIncludeFile.cxx
Linking CXX executable cmTC_8d02c
/usr/bin/cmake -E cmake_link_script CMakeFiles/cmTC_8d02c.dir/link.txt --verbose=1
/usr/bin/c++   -std=c++11  -Werror -Wuninitialized -Winit-self -Wmaybe-uninitialized     CMakeFiles/cmTC_8d02c.dir/CheckIncludeFile.cxx.o  -o cmTC_8d02c -rdynamic 
make[1]: Leaving directory '/opt/intel/openvino/inference_engine/samples/human_pose_estimation_demo/cmake-build-debug/CMakeFiles/CMakeTmp'


Determining if the include file fnmatch.h exists passed with the following output:
Change Dir: /opt/intel/openvino/inference_engine/samples/human_pose_estimation_demo/cmake-build-debug/CMakeFiles/CMakeTmp

Run Build Command:"/usr/bin/make" "cmTC_7ad18/fast"
/usr/bin/make -f CMakeFiles/cmTC_7ad18.dir/build.make CMakeFiles/cmTC_7ad18.dir/build
make[1]: Entering directory '/opt/intel/openvino/inference_engine/samples/human_pose_estimation_demo/cmake-build-debug/CMakeFiles/CMakeTmp'
Building CXX object CMakeFiles/cmTC_7ad18.dir/CheckIncludeFile.cxx.o
/usr/bin/c++     -std=c++11  -Werror -Wuninitialized -Winit-self -Wmaybe-uninitialized    -o CMakeFiles/cmTC_7ad18.dir/CheckIncludeFile.cxx.o -c /opt/intel/openvino/inference_engine/samples/human_pose_estimation_demo/cmake-build-debug/CMakeFiles/CMakeTmp/CheckIncludeFile.cxx
Linking CXX executable cmTC_7ad18
/usr/bin/cmake -E cmake_link_script CMakeFiles/cmTC_7ad18.dir/link.txt --verbose=1
/usr/bin/c++   -std=c++11  -Werror -Wuninitialized -Winit-self -Wmaybe-uninitialized     CMakeFiles/cmTC_7ad18.dir/CheckIncludeFile.cxx.o  -o cmTC_7ad18 -rdynamic 
make[1]: Leaving directory '/opt/intel/openvino/inference_engine/samples/human_pose_estimation_demo/cmake-build-debug/CMakeFiles/CMakeTmp'


Determining if the include file stddef.h exists passed with the following output:
Change Dir: /opt/intel/openvino/inference_engine/samples/human_pose_estimation_demo/cmake-build-debug/CMakeFiles/CMakeTmp

Run Build Command:"/usr/bin/make" "cmTC_745c2/fast"
/usr/bin/make -f CMakeFiles/cmTC_745c2.dir/build.make CMakeFiles/cmTC_745c2.dir/build
make[1]: Entering directory '/opt/intel/openvino/inference_engine/samples/human_pose_estimation_demo/cmake-build-debug/CMakeFiles/CMakeTmp'
Building CXX object CMakeFiles/cmTC_745c2.dir/CheckIncludeFile.cxx.o
/usr/bin/c++     -std=c++11  -Werror -Wuninitialized -Winit-self -Wmaybe-uninitialized    -o CMakeFiles/cmTC_745c2.dir/CheckIncludeFile.cxx.o -c /opt/intel/openvino/inference_engine/samples/human_pose_estimation_demo/cmake-build-debug/CMakeFiles/CMakeTmp/CheckIncludeFile.cxx
Linking CXX executable cmTC_745c2
/usr/bin/cmake -E cmake_link_script CMakeFiles/cmTC_745c2.dir/link.txt --verbose=1
/usr/bin/c++   -std=c++11  -Werror -Wuninitialized -Winit-self -Wmaybe-uninitialized     CMakeFiles/cmTC_745c2.dir/CheckIncludeFile.cxx.o  -o cmTC_745c2 -rdynamic 
make[1]: Leaving directory '/opt/intel/openvino/inference_engine/samples/human_pose_estimation_demo/cmake-build-debug/CMakeFiles/CMakeTmp'


Determining size of uint32_t passed with the following output:
Change Dir: /opt/intel/openvino/inference_engine/samples/human_pose_estimation_demo/cmake-build-debug/CMakeFiles/CMakeTmp

Run Build Command:"/usr/bin/make" "cmTC_d2a4d/fast"
/usr/bin/make -f CMakeFiles/cmTC_d2a4d.dir/build.make CMakeFiles/cmTC_d2a4d.dir/build
make[1]: Entering directory '/opt/intel/openvino/inference_engine/samples/human_pose_estimation_demo/cmake-build-debug/CMakeFiles/CMakeTmp'
Building CXX object CMakeFiles/cmTC_d2a4d.dir/uint32_t.cpp.o
/usr/bin/c++     -std=c++11  -Werror -Wuninitialized -Winit-self -Wmaybe-uninitialized    -o CMakeFiles/cmTC_d2a4d.dir/uint32_t.cpp.o -c /opt/intel/openvino/inference_engine/samples/human_pose_estimation_demo/cmake-build-debug/CMakeFiles/CheckTypeSize/uint32_t.cpp
Linking CXX executable cmTC_d2a4d
/usr/bin/cmake -E cmake_link_script CMakeFiles/cmTC_d2a4d.dir/link.txt --verbose=1
/usr/bin/c++   -std=c++11  -Werror -Wuninitialized -Winit-self -Wmaybe-uninitialized     CMakeFiles/cmTC_d2a4d.dir/uint32_t.cpp.o  -o cmTC_d2a4d -rdynamic 
make[1]: Leaving directory '/opt/intel/openvino/inference_engine/samples/human_pose_estimation_demo/cmake-build-debug/CMakeFiles/CMakeTmp'


Determining if the strtoll exist passed with the following output:
Change Dir: /opt/intel/openvino/inference_engine/samples/human_pose_estimation_demo/cmake-build-debug/CMakeFiles/CMakeTmp

Run Build Command:"/usr/bin/make" "cmTC_a9a33/fast"
/usr/bin/make -f CMakeFiles/cmTC_a9a33.dir/build.make CMakeFiles/cmTC_a9a33.dir/build
make[1]: Entering directory '/opt/intel/openvino/inference_engine/samples/human_pose_estimation_demo/cmake-build-debug/CMakeFiles/CMakeTmp'
Building CXX object CMakeFiles/cmTC_a9a33.dir/CheckSymbolExists.cxx.o
/usr/bin/c++     -std=c++11  -Werror -Wuninitialized -Winit-self -Wmaybe-uninitialized    -o CMakeFiles/cmTC_a9a33.dir/CheckSymbolExists.cxx.o -c /opt/intel/openvino/inference_engine/samples/human_pose_estimation_demo/cmake-build-debug/CMakeFiles/CMakeTmp/CheckSymbolExists.cxx
Linking CXX executable cmTC_a9a33
/usr/bin/cmake -E cmake_link_script CMakeFiles/cmTC_a9a33.dir/link.txt --verbose=1
/usr/bin/c++   -std=c++11  -Werror -Wuninitialized -Winit-self -Wmaybe-uninitialized     CMakeFiles/cmTC_a9a33.dir/CheckSymbolExists.cxx.o  -o cmTC_a9a33 -rdynamic 
make[1]: Leaving directory '/opt/intel/openvino/inference_engine/samples/human_pose_estimation_demo/cmake-build-debug/CMakeFiles/CMakeTmp'

File /opt/intel/openvino/inference_engine/samples/human_pose_estimation_demo/cmake-build-debug/CMakeFiles/CMakeTmp/CheckSymbolExists.cxx:
/* */
#include <stdlib.h>

int main(int argc, char** argv)
{
  (void)argv;
#ifndef strtoll
  return ((int*)(&strtoll))[argc];
#else
  (void)argc;
  return 0;
#endif
}

Determining if the include file pthread.h exists passed with the following output:
Change Dir: /opt/intel/openvino/inference_engine/samples/human_pose_estimation_demo/cmake-build-debug/CMakeFiles/CMakeTmp

Run Build Command:"/usr/bin/make" "cmTC_d2a55/fast"
/usr/bin/make -f CMakeFiles/cmTC_d2a55.dir/build.make CMakeFiles/cmTC_d2a55.dir/build
make[1]: Entering directory '/opt/intel/openvino/inference_engine/samples/human_pose_estimation_demo/cmake-build-debug/CMakeFiles/CMakeTmp'
Building CXX object CMakeFiles/cmTC_d2a55.dir/CheckIncludeFile.cxx.o
/usr/bin/c++     -std=c++11 -std=c++11  -Werror -Wuninitialized -Winit-self -Wmaybe-uninitialized -Wall -Werror -Wall -std=c++11   -o CMakeFiles/cmTC_d2a55.dir/CheckIncludeFile.cxx.o -c /opt/intel/openvino/inference_engine/samples/human_pose_estimation_demo/cmake-build-debug/CMakeFiles/CMakeTmp/CheckIncludeFile.cxx
Linking CXX executable cmTC_d2a55
/usr/bin/cmake -E cmake_link_script CMakeFiles/cmTC_d2a55.dir/link.txt --verbose=1
/usr/bin/c++   -std=c++11 -std=c++11  -Werror -Wuninitialized -Winit-self -Wmaybe-uninitialized -Wall -Werror -Wall -std=c++11    CMakeFiles/cmTC_d2a55.dir/CheckIncludeFile.cxx.o  -o cmTC_d2a55 
make[1]: Leaving directory '/opt/intel/openvino/inference_engine/samples/human_pose_estimation_demo/cmake-build-debug/CMakeFiles/CMakeTmp'


Determining if the function pthread_create exists in the pthread passed with the following output:
Change Dir: /opt/intel/openvino/inference_engine/samples/human_pose_estimation_demo/cmake-build-debug/CMakeFiles/CMakeTmp

Run Build Command:"/usr/bin/make" "cmTC_83f43/fast"
/usr/bin/make -f CMakeFiles/cmTC_83f43.dir/build.make CMakeFiles/cmTC_83f43.dir/build
make[1]: Entering directory '/opt/intel/openvino/inference_engine/samples/human_pose_estimation_demo/cmake-build-debug/CMakeFiles/CMakeTmp'
Building CXX object CMakeFiles/cmTC_83f43.dir/CheckFunctionExists.cxx.o
/usr/bin/c++     -std=c++11 -std=c++11  -Werror -Wuninitialized -Winit-self -Wmaybe-uninitialized -Wall -Werror -Wall -DCHECK_FUNCTION_EXISTS=pthread_create -std=c++11   -o CMakeFiles/cmTC_83f43.dir/CheckFunctionExists.cxx.o -c /opt/intel/openvino/inference_engine/samples/human_pose_estimation_demo/cmake-build-debug/CMakeFiles/CheckLibraryExists/CheckFunctionExists.cxx
Linking CXX executable cmTC_83f43
/usr/bin/cmake -E cmake_link_script CMakeFiles/cmTC_83f43.dir/link.txt --verbose=1
/usr/bin/c++   -std=c++11 -std=c++11  -Werror -Wuninitialized -Winit-self -Wmaybe-uninitialized -Wall -Werror -Wall -DCHECK_FUNCTION_EXISTS=pthread_create -std=c++11    CMakeFiles/cmTC_83f43.dir/CheckFunctionExists.cxx.o  -o cmTC_83f43 -lpthread 
make[1]: Leaving directory '/opt/intel/openvino/inference_engine/samples/human_pose_estimation_demo/cmake-build-debug/CMakeFiles/CMakeTmp'


